<?xml version="1.0" encoding="UTF-8"?>
<!-- Generated by org.testng.reporters.JUnitReportReporter -->
<testsuite hostname="Tarun" failures="0" tests="1" name="com.crm.vtigerE4.ForCheck" time="11.162" errors="0" timestamp="2024-12-03T10:42:07 IST" skipped="0">
  <testcase classname="com.crm.vtigerE4.ForCheck" name="main" time="11.162"/>
</testsuite> <!-- com.crm.vtigerE4.ForCheck -->
