<?xml version="1.0" encoding="UTF-8"?>
<!-- Generated by org.testng.reporters.JUnitReportReporter -->
<testsuite hostname="Tarun" failures="0" tests="1" name="functional_testing.CreateOrganization" time="20.581" errors="0" timestamp="2024-12-03T10:57:16 IST" skipped="0">
  <testcase classname="functional_testing.CreateOrganization" name="createOrganization" time="20.581"/>
</testsuite> <!-- functional_testing.CreateOrganization -->
