<?xml version="1.0" encoding="UTF-8"?>
<!-- Generated by org.testng.reporters.JUnitReportReporter -->
<testsuite hostname="Tarun" failures="0" tests="1" name="functional_testing.CreateOrganizationWithIndustry" time="21.784" errors="0" timestamp="2024-12-03T11:55:07 IST" skipped="0">
  <testcase classname="functional_testing.CreateOrganizationWithIndustry" name="createOrganizationWithIndustry" time="21.784"/>
</testsuite> <!-- functional_testing.CreateOrganizationWithIndustry -->
